<?xml version="1.0" encoding="UTF-8"?>
<!-- Generated by org.testng.reporters.JUnitReportReporter -->
<testsuite hostname="DESKTOP-I23KGD9" failures="0" tests="1" name="testcases.TC006_Delete_UserRecord" time="0.017" errors="0" timestamp="2021-11-14T17:14:37 IST" skipped="0">
  <testcase classname="testcases.TC006_Delete_UserRecord" name="validationsonDeleteRequest" time="0.017"/>
  <system-out/>
</testsuite> <!-- testcases.TC006_Delete_UserRecord -->
