<?xml version="1.0" encoding="UTF-8"?>
<!-- Generated by org.testng.reporters.JUnitReportReporter -->
<testsuite hostname="DESKTOP-I23KGD9" failures="0" tests="1" name="testcases.TC001_Get_All_Employees" time="0.064" errors="0" timestamp="2021-11-14T17:14:37 IST" skipped="0">
  <testcase classname="testcases.TC001_Get_All_Employees" name="checkValidationOnBody" time="0.064"/>
  <system-out/>
</testsuite> <!-- testcases.TC001_Get_All_Employees -->
