<?xml version="1.0" encoding="UTF-8"?>
<!-- Generated by org.testng.reporters.JUnitReportReporter -->
<testsuite skipped="0" hostname="DESKTOP-I23KGD9" name="testcases.TC002_Get_SingleEmployeeData" tests="1" failures="0" timestamp="2021-11-14T18:15:56 IST" time="0.038" errors="0">
  <testcase name="validateSingleEmployeeData" time="0.038" classname="testcases.TC002_Get_SingleEmployeeData"/>
  <system-out/>
</testsuite> <!-- testcases.TC002_Get_SingleEmployeeData -->
