<?xml version="1.0" encoding="UTF-8"?>
<!-- Generated by org.testng.reporters.JUnitReportReporter -->
<testsuite skipped="0" hostname="DESKTOP-I23KGD9" name="testcases.TC006_Delete_UserRecord" tests="1" failures="0" timestamp="2021-11-14T18:15:56 IST" time="0.010" errors="0">
  <testcase name="validationsonDeleteRequest" time="0.010" classname="testcases.TC006_Delete_UserRecord"/>
  <system-out/>
</testsuite> <!-- testcases.TC006_Delete_UserRecord -->
