<?xml version="1.0" encoding="UTF-8"?>
<!-- Generated by org.testng.reporters.JUnitReportReporter -->
<testsuite skipped="0" hostname="DESKTOP-I23KGD9" name="testcases.TC004_Post_RegisterData" tests="1" failures="0" timestamp="2021-11-14T18:15:56 IST" time="0.012" errors="0">
  <testcase name="validationsonPostRegisterData" time="0.012" classname="testcases.TC004_Post_RegisterData"/>
  <system-out/>
</testsuite> <!-- testcases.TC004_Post_RegisterData -->
