<?xml version="1.0" encoding="UTF-8"?>
<!-- Generated by org.testng.reporters.JUnitReportReporter -->
<testsuite skipped="0" hostname="DESKTOP-I23KGD9" name="testcases.TC005_PUT_UpdateData" tests="1" failures="0" timestamp="2021-11-14T18:15:56 IST" time="0.030" errors="0">
  <testcase name="validationOnPutUserData" time="0.030" classname="testcases.TC005_PUT_UpdateData"/>
  <system-out/>
</testsuite> <!-- testcases.TC005_PUT_UpdateData -->
